{"/usr/src/app/src/app.ts": {"path":"/usr/src/app/src/app.ts","statementMap":{"0":{"start":{"line":1,"column":0},"end":{"line":1,"column":30}},"1":{"start":{"line":2,"column":0},"end":{"line":2,"column":37}},"2":{"start":{"line":3,"column":0},"end":{"line":3,"column":62}},"3":{"start":{"line":4,"column":0},"end":{"line":4,"column":40}},"4":{"start":{"line":5,"column":0},"end":{"line":5,"column":43}},"5":{"start":{"line":6,"column":0},"end":{"line":6,"column":37}},"6":{"start":{"line":7,"column":0},"end":{"line":7,"column":63}},"7":{"start":{"line":8,"column":0},"end":{"line":8,"column":53}},"8":{"start":{"line":9,"column":0},"end":{"line":9,"column":68}},"9":{"start":{"line":10,"column":0},"end":{"line":10,"column":29}},"10":{"start":{"line":11,"column":0},"end":{"line":11,"column":71}},"11":{"start":{"line":14,"column":11},"end":{"line":14,"column":73}},"12":{"start":{"line":17,"column":0},"end":{"line":17,"column":91}},"13":{"start":{"line":18,"column":0},"end":{"line":18,"column":74}},"14":{"start":{"line":19,"column":0},"end":{"line":19,"column":107}},"15":{"start":{"line":20,"column":0},"end":{"line":20,"column":104}},"16":{"start":{"line":22,"column":12},"end":{"line":22,"column":21}},"17":{"start":{"line":36,"column":9},"end":{"line":36,"column":12}},"18":{"start":{"line":23,"column":23},"end":{"line":23,"column":43}},"19":{"start":{"line":25,"column":0},"end":{"line":25,"column":27}},"20":{"start":{"line":27,"column":0},"end":{"line":27,"column":70}},"21":{"start":{"line":27,"column":32},"end":{"line":27,"column":68}},"22":{"start":{"line":28,"column":0},"end":{"line":28,"column":74}},"23":{"start":{"line":28,"column":36},"end":{"line":28,"column":72}},"24":{"start":{"line":29,"column":0},"end":{"line":29,"column":70}},"25":{"start":{"line":29,"column":33},"end":{"line":29,"column":68}},"26":{"start":{"line":30,"column":0},"end":{"line":30,"column":73}},"27":{"start":{"line":30,"column":36},"end":{"line":30,"column":71}},"28":{"start":{"line":31,"column":0},"end":{"line":31,"column":76}},"29":{"start":{"line":31,"column":39},"end":{"line":31,"column":74}},"30":{"start":{"line":34,"column":0},"end":{"line":34,"column":68}}},"fnMap":{"0":{"name":"(anonymous_1)","decl":{"start":{"line":27,"column":18},"end":{"line":27,"column":19}},"loc":{"start":{"line":27,"column":32},"end":{"line":27,"column":68}}},"1":{"name":"(anonymous_2)","decl":{"start":{"line":28,"column":22},"end":{"line":28,"column":23}},"loc":{"start":{"line":28,"column":36},"end":{"line":28,"column":72}}},"2":{"name":"(anonymous_3)","decl":{"start":{"line":29,"column":19},"end":{"line":29,"column":20}},"loc":{"start":{"line":29,"column":33},"end":{"line":29,"column":68}}},"3":{"name":"(anonymous_4)","decl":{"start":{"line":30,"column":22},"end":{"line":30,"column":23}},"loc":{"start":{"line":30,"column":36},"end":{"line":30,"column":71}}},"4":{"name":"(anonymous_5)","decl":{"start":{"line":31,"column":25},"end":{"line":31,"column":26}},"loc":{"start":{"line":31,"column":39},"end":{"line":31,"column":74}}}},"branchMap":{},"s":{"0":1,"1":1,"2":1,"3":1,"4":1,"5":1,"6":1,"7":1,"8":1,"9":1,"10":1,"11":1,"12":1,"13":1,"14":1,"15":1,"16":1,"17":1,"18":1,"19":1,"20":1,"21":1,"22":1,"23":3,"24":1,"25":6,"26":1,"27":2,"28":1,"29":2,"30":1},"f":{"0":1,"1":3,"2":6,"3":2,"4":2},"b":{}}
,"/usr/src/app/src/swagger.ts": {"path":"/usr/src/app/src/swagger.ts","statementMap":{"0":{"start":{"line":1,"column":13},"end":{"line":142,"column":2}}},"fnMap":{},"branchMap":{},"s":{"0":1},"f":{},"b":{}}
,"/usr/src/app/src/controllers/loanController.ts": {"path":"/usr/src/app/src/controllers/loanController.ts","statementMap":{"0":{"start":{"line":2,"column":0},"end":{"line":2,"column":43}},"1":{"start":{"line":3,"column":0},"end":{"line":3,"column":54}},"2":{"start":{"line":4,"column":0},"end":{"line":4,"column":37}},"3":{"start":{"line":5,"column":0},"end":{"line":5,"column":41}},"4":{"start":{"line":6,"column":0},"end":{"line":6,"column":84}},"5":{"start":{"line":12,"column":8},"end":{"line":12,"column":58}},"6":{"start":{"line":16,"column":23},"end":{"line":16,"column":59}},"7":{"start":{"line":17,"column":8},"end":{"line":17,"column":32}},"8":{"start":{"line":21,"column":23},"end":{"line":21,"column":72}},"9":{"start":{"line":23,"column":8},"end":{"line":27,"column":null}},"10":{"start":{"line":24,"column":12},"end":{"line":24,"column":36}},"11":{"start":{"line":26,"column":12},"end":{"line":26,"column":111}},"12":{"start":{"line":31,"column":24},"end":{"line":31,"column":62}},"13":{"start":{"line":32,"column":23},"end":{"line":32,"column":46}},"14":{"start":{"line":34,"column":8},"end":{"line":37,"column":null}},"15":{"start":{"line":35,"column":38},"end":{"line":35,"column":71}},"16":{"start":{"line":36,"column":12},"end":{"line":36,"column":113}},"17":{"start":{"line":39,"column":23},"end":{"line":39,"column":65}},"18":{"start":{"line":41,"column":8},"end":{"line":45,"column":null}},"19":{"start":{"line":42,"column":12},"end":{"line":42,"column":48}},"20":{"start":{"line":44,"column":12},"end":{"line":44,"column":48}},"21":{"start":{"line":49,"column":24},"end":{"line":49,"column":62}},"22":{"start":{"line":50,"column":23},"end":{"line":50,"column":46}},"23":{"start":{"line":52,"column":8},"end":{"line":55,"column":null}},"24":{"start":{"line":53,"column":38},"end":{"line":53,"column":71}},"25":{"start":{"line":54,"column":12},"end":{"line":54,"column":113}},"26":{"start":{"line":57,"column":23},"end":{"line":57,"column":80}},"27":{"start":{"line":58,"column":8},"end":{"line":64,"column":null}},"28":{"start":{"line":59,"column":12},"end":{"line":59,"column":48}},"29":{"start":{"line":60,"column":15},"end":{"line":64,"column":null}},"30":{"start":{"line":61,"column":12},"end":{"line":61,"column":182}},"31":{"start":{"line":63,"column":12},"end":{"line":63,"column":48}},"32":{"start":{"line":68,"column":23},"end":{"line":68,"column":71}},"33":{"start":{"line":69,"column":8},"end":{"line":75,"column":null}},"34":{"start":{"line":70,"column":12},"end":{"line":70,"column":48}},"35":{"start":{"line":71,"column":15},"end":{"line":75,"column":null}},"36":{"start":{"line":72,"column":12},"end":{"line":72,"column":182}},"37":{"start":{"line":74,"column":12},"end":{"line":74,"column":48}},"38":{"start":{"line":8,"column":0},"end":{"line":8,"column":13}}},"fnMap":{"0":{"name":"(anonymous_7)","decl":{"start":{"line":11,"column":4},"end":{"line":11,"column":null}},"loc":{"start":{"line":11,"column":4},"end":{"line":13,"column":5}}},"1":{"name":"(anonymous_8)","decl":{"start":{"line":15,"column":17},"end":{"line":15,"column":28}},"loc":{"start":{"line":15,"column":56},"end":{"line":18,"column":null}}},"2":{"name":"(anonymous_10)","decl":{"start":{"line":20,"column":17},"end":{"line":20,"column":28}},"loc":{"start":{"line":20,"column":56},"end":{"line":28,"column":null}}},"3":{"name":"(anonymous_12)","decl":{"start":{"line":30,"column":17},"end":{"line":30,"column":27}},"loc":{"start":{"line":30,"column":55},"end":{"line":46,"column":null}}},"4":{"name":"(anonymous_14)","decl":{"start":{"line":48,"column":17},"end":{"line":48,"column":27}},"loc":{"start":{"line":48,"column":55},"end":{"line":65,"column":null}}},"5":{"name":"(anonymous_16)","decl":{"start":{"line":67,"column":17},"end":{"line":67,"column":27}},"loc":{"start":{"line":67,"column":55},"end":{"line":76,"column":null}}}},"branchMap":{"0":{"loc":{"start":{"line":23,"column":8},"end":{"line":27,"column":null}},"type":"if","locations":[{"start":{"line":23,"column":8},"end":{"line":27,"column":null}},{"start":{"line":25,"column":15},"end":{"line":27,"column":null}}]},"1":{"loc":{"start":{"line":34,"column":8},"end":{"line":37,"column":null}},"type":"if","locations":[{"start":{"line":34,"column":8},"end":{"line":37,"column":null}}]},"2":{"loc":{"start":{"line":41,"column":8},"end":{"line":45,"column":null}},"type":"if","locations":[{"start":{"line":41,"column":8},"end":{"line":45,"column":null}},{"start":{"line":43,"column":15},"end":{"line":45,"column":null}}]},"3":{"loc":{"start":{"line":52,"column":8},"end":{"line":55,"column":null}},"type":"if","locations":[{"start":{"line":52,"column":8},"end":{"line":55,"column":null}}]},"4":{"loc":{"start":{"line":58,"column":8},"end":{"line":64,"column":null}},"type":"if","locations":[{"start":{"line":58,"column":8},"end":{"line":64,"column":null}},{"start":{"line":60,"column":15},"end":{"line":64,"column":null}}]},"5":{"loc":{"start":{"line":60,"column":15},"end":{"line":64,"column":null}},"type":"if","locations":[{"start":{"line":60,"column":15},"end":{"line":64,"column":null}},{"start":{"line":62,"column":15},"end":{"line":64,"column":null}}]},"6":{"loc":{"start":{"line":60,"column":19},"end":{"line":60,"column":77}},"type":"binary-expr","locations":[{"start":{"line":60,"column":19},"end":{"line":60,"column":32}},{"start":{"line":60,"column":36},"end":{"line":60,"column":77}}]},"7":{"loc":{"start":{"line":69,"column":8},"end":{"line":75,"column":null}},"type":"if","locations":[{"start":{"line":69,"column":8},"end":{"line":75,"column":null}},{"start":{"line":71,"column":15},"end":{"line":75,"column":null}}]},"8":{"loc":{"start":{"line":71,"column":15},"end":{"line":75,"column":null}},"type":"if","locations":[{"start":{"line":71,"column":15},"end":{"line":75,"column":null}},{"start":{"line":73,"column":15},"end":{"line":75,"column":null}}]},"9":{"loc":{"start":{"line":71,"column":19},"end":{"line":71,"column":77}},"type":"binary-expr","locations":[{"start":{"line":71,"column":19},"end":{"line":71,"column":32}},{"start":{"line":71,"column":36},"end":{"line":71,"column":77}}]}},"s":{"0":1,"1":1,"2":1,"3":1,"4":1,"5":1,"6":1,"7":1,"8":3,"9":3,"10":1,"11":2,"12":6,"13":6,"14":6,"15":1,"16":1,"17":5,"18":5,"19":5,"20":0,"21":2,"22":2,"23":2,"24":0,"25":0,"26":2,"27":2,"28":1,"29":1,"30":1,"31":0,"32":2,"33":2,"34":1,"35":1,"36":1,"37":0,"38":1},"f":{"0":1,"1":1,"2":3,"3":6,"4":2,"5":2},"b":{"0":[1,2],"1":[1],"2":[5,0],"3":[0],"4":[1,1],"5":[1,0],"6":[1,1],"7":[1,1],"8":[1,0],"9":[1,1]}}
,"/usr/src/app/src/dto/loanDTO.ts": {"path":"/usr/src/app/src/dto/loanDTO.ts","statementMap":{"0":{"start":{"line":1,"column":0},"end":{"line":1,"column":75}},"1":{"start":{"line":2,"column":0},"end":{"line":2,"column":48}},"2":{"start":{"line":5,"column":4},"end":{"line":6,"column":null}},"3":{"start":{"line":8,"column":4},"end":{"line":11,"column":null}},"4":{"start":{"line":13,"column":4},"end":{"line":15,"column":null}},"5":{"start":{"line":17,"column":4},"end":{"line":20,"column":null}},"6":{"start":{"line":22,"column":4},"end":{"line":25,"column":null}},"7":{"start":{"line":4,"column":0},"end":{"line":4,"column":13}}},"fnMap":{},"branchMap":{},"s":{"0":1,"1":1,"2":1,"3":1,"4":1,"5":1,"6":1,"7":1},"f":{},"b":{}}
,"/usr/src/app/src/entities/loanType.ts": {"path":"/usr/src/app/src/entities/loanType.ts","statementMap":{"0":{"start":{"line":1,"column":0},"end":{"line":1,"column":null}},"1":{"start":{"line":2,"column":4},"end":{"line":2,"column":null}},"2":{"start":{"line":3,"column":4},"end":{"line":3,"column":null}},"3":{"start":{"line":4,"column":4},"end":{"line":4,"column":null}}},"fnMap":{"0":{"name":"(anonymous_0)","decl":{"start":{"line":1,"column":0},"end":{"line":1,"column":12}},"loc":{"start":{"line":1,"column":20},"end":{"line":5,"column":1}}}},"branchMap":{"0":{"loc":{"start":{"line":1,"column":12},"end":{"line":1,"column":null}},"type":"binary-expr","locations":[{"start":{"line":1,"column":12},"end":{"line":1,"column":20}},{"start":{"line":1,"column":12},"end":{"line":1,"column":null}}]}},"s":{"0":4,"1":4,"2":4,"3":4},"f":{"0":4},"b":{"0":[4,4]}}
,"/usr/src/app/src/repositories/loanRepository.ts": {"path":"/usr/src/app/src/repositories/loanRepository.ts","statementMap":{"0":{"start":{"line":8,"column":8},"end":{"line":8,"column":21}},"1":{"start":{"line":12,"column":8},"end":{"line":20,"column":11}},"2":{"start":{"line":13,"column":12},"end":{"line":19,"column":15}},"3":{"start":{"line":14,"column":16},"end":{"line":18,"column":null}},"4":{"start":{"line":15,"column":20},"end":{"line":15,"column":32}},"5":{"start":{"line":17,"column":20},"end":{"line":17,"column":34}},"6":{"start":{"line":24,"column":8},"end":{"line":38,"column":11}},"7":{"start":{"line":25,"column":12},"end":{"line":25,"column":61}},"8":{"start":{"line":26,"column":12},"end":{"line":37,"column":15}},"9":{"start":{"line":27,"column":16},"end":{"line":36,"column":null}},"10":{"start":{"line":28,"column":20},"end":{"line":28,"column":58}},"11":{"start":{"line":29,"column":20},"end":{"line":29,"column":32}},"12":{"start":{"line":30,"column":23},"end":{"line":36,"column":null}},"13":{"start":{"line":31,"column":20},"end":{"line":31,"column":63}},"14":{"start":{"line":32,"column":20},"end":{"line":32,"column":56}},"15":{"start":{"line":34,"column":20},"end":{"line":34,"column":52}},"16":{"start":{"line":35,"column":20},"end":{"line":35,"column":33}},"17":{"start":{"line":42,"column":8},"end":{"line":50,"column":11}},"18":{"start":{"line":43,"column":12},"end":{"line":49,"column":15}},"19":{"start":{"line":44,"column":16},"end":{"line":48,"column":null}},"20":{"start":{"line":45,"column":20},"end":{"line":45,"column":32}},"21":{"start":{"line":47,"column":20},"end":{"line":47,"column":36}},"22":{"start":{"line":54,"column":8},"end":{"line":64,"column":11}},"23":{"start":{"line":55,"column":12},"end":{"line":63,"column":15}},"24":{"start":{"line":56,"column":16},"end":{"line":62,"column":null}},"25":{"start":{"line":57,"column":20},"end":{"line":57,"column":32}},"26":{"start":{"line":58,"column":23},"end":{"line":62,"column":null}},"27":{"start":{"line":59,"column":20},"end":{"line":59,"column":56}},"28":{"start":{"line":61,"column":20},"end":{"line":61,"column":30}},"29":{"start":{"line":68,"column":8},"end":{"line":78,"column":11}},"30":{"start":{"line":69,"column":12},"end":{"line":77,"column":15}},"31":{"start":{"line":70,"column":16},"end":{"line":76,"column":null}},"32":{"start":{"line":71,"column":20},"end":{"line":71,"column":32}},"33":{"start":{"line":72,"column":23},"end":{"line":76,"column":null}},"34":{"start":{"line":73,"column":20},"end":{"line":73,"column":56}},"35":{"start":{"line":75,"column":20},"end":{"line":75,"column":30}},"36":{"start":{"line":4,"column":0},"end":{"line":4,"column":13}}},"fnMap":{"0":{"name":"(anonymous_0)","decl":{"start":{"line":7,"column":4},"end":{"line":7,"column":16}},"loc":{"start":{"line":7,"column":29},"end":{"line":9,"column":5}}},"1":{"name":"(anonymous_1)","decl":{"start":{"line":11,"column":11},"end":{"line":11,"column":17}},"loc":{"start":{"line":11,"column":17},"end":{"line":21,"column":5}}},"2":{"name":"(anonymous_2)","decl":{"start":{"line":12,"column":27},"end":{"line":12,"column":28}},"loc":{"start":{"line":12,"column":47},"end":{"line":20,"column":9}}},"3":{"name":"(anonymous_3)","decl":{"start":{"line":13,"column":29},"end":{"line":13,"column":30}},"loc":{"start":{"line":13,"column":65},"end":{"line":19,"column":13}}},"4":{"name":"(anonymous_4)","decl":{"start":{"line":23,"column":11},"end":{"line":23,"column":18}},"loc":{"start":{"line":23,"column":29},"end":{"line":39,"column":5}}},"5":{"name":"(anonymous_5)","decl":{"start":{"line":24,"column":27},"end":{"line":24,"column":28}},"loc":{"start":{"line":24,"column":47},"end":{"line":38,"column":9}}},"6":{"name":"(anonymous_6)","decl":{"start":{"line":26,"column":41},"end":{"line":26,"column":42}},"loc":{"start":{"line":26,"column":81},"end":{"line":37,"column":13}}},"7":{"name":"(anonymous_7)","decl":{"start":{"line":41,"column":11},"end":{"line":41,"column":17}},"loc":{"start":{"line":41,"column":28},"end":{"line":51,"column":5}}},"8":{"name":"(anonymous_8)","decl":{"start":{"line":42,"column":27},"end":{"line":42,"column":28}},"loc":{"start":{"line":42,"column":47},"end":{"line":50,"column":9}}},"9":{"name":"(anonymous_9)","decl":{"start":{"line":43,"column":33},"end":{"line":43,"column":34}},"loc":{"start":{"line":43,"column":69},"end":{"line":49,"column":13}}},"10":{"name":"(anonymous_10)","decl":{"start":{"line":53,"column":11},"end":{"line":53,"column":17}},"loc":{"start":{"line":53,"column":49},"end":{"line":65,"column":5}}},"11":{"name":"(anonymous_11)","decl":{"start":{"line":54,"column":27},"end":{"line":54,"column":28}},"loc":{"start":{"line":54,"column":47},"end":{"line":64,"column":9}}},"12":{"name":"(anonymous_12)","decl":{"start":{"line":55,"column":60},"end":{"line":55,"column":61}},"loc":{"start":{"line":55,"column":103},"end":{"line":63,"column":13}}},"13":{"name":"(anonymous_13)","decl":{"start":{"line":67,"column":11},"end":{"line":67,"column":17}},"loc":{"start":{"line":67,"column":28},"end":{"line":79,"column":5}}},"14":{"name":"(anonymous_14)","decl":{"start":{"line":68,"column":27},"end":{"line":68,"column":28}},"loc":{"start":{"line":68,"column":47},"end":{"line":78,"column":9}}},"15":{"name":"(anonymous_15)","decl":{"start":{"line":69,"column":44},"end":{"line":69,"column":45}},"loc":{"start":{"line":69,"column":86},"end":{"line":77,"column":13}}}},"branchMap":{"0":{"loc":{"start":{"line":14,"column":16},"end":{"line":18,"column":null}},"type":"if","locations":[{"start":{"line":14,"column":16},"end":{"line":18,"column":null}},{"start":{"line":16,"column":23},"end":{"line":18,"column":null}}]},"1":{"loc":{"start":{"line":27,"column":16},"end":{"line":36,"column":null}},"type":"if","locations":[{"start":{"line":27,"column":16},"end":{"line":36,"column":null}},{"start":{"line":30,"column":23},"end":{"line":36,"column":null}}]},"2":{"loc":{"start":{"line":30,"column":23},"end":{"line":36,"column":null}},"type":"if","locations":[{"start":{"line":30,"column":23},"end":{"line":36,"column":null}},{"start":{"line":33,"column":23},"end":{"line":36,"column":null}}]},"3":{"loc":{"start":{"line":44,"column":16},"end":{"line":48,"column":null}},"type":"if","locations":[{"start":{"line":44,"column":16},"end":{"line":48,"column":null}},{"start":{"line":46,"column":23},"end":{"line":48,"column":null}}]},"4":{"loc":{"start":{"line":56,"column":16},"end":{"line":62,"column":null}},"type":"if","locations":[{"start":{"line":56,"column":16},"end":{"line":62,"column":null}},{"start":{"line":58,"column":23},"end":{"line":62,"column":null}}]},"5":{"loc":{"start":{"line":58,"column":23},"end":{"line":62,"column":null}},"type":"if","locations":[{"start":{"line":58,"column":23},"end":{"line":62,"column":null}},{"start":{"line":60,"column":23},"end":{"line":62,"column":null}}]},"6":{"loc":{"start":{"line":70,"column":16},"end":{"line":76,"column":null}},"type":"if","locations":[{"start":{"line":70,"column":16},"end":{"line":76,"column":null}},{"start":{"line":72,"column":23},"end":{"line":76,"column":null}}]},"7":{"loc":{"start":{"line":72,"column":23},"end":{"line":76,"column":null}},"type":"if","locations":[{"start":{"line":72,"column":23},"end":{"line":76,"column":null}},{"start":{"line":74,"column":23},"end":{"line":76,"column":null}}]}},"s":{"0":4,"1":3,"2":3,"3":3,"4":1,"5":2,"6":11,"7":11,"8":11,"9":11,"10":1,"11":1,"12":10,"13":5,"14":5,"15":5,"16":5,"17":15,"18":15,"19":15,"20":1,"21":14,"22":7,"23":7,"24":7,"25":1,"26":6,"27":3,"28":3,"29":7,"30":7,"31":7,"32":1,"33":6,"34":3,"35":3,"36":3},"f":{"0":4,"1":3,"2":3,"3":3,"4":11,"5":11,"6":11,"7":15,"8":15,"9":15,"10":7,"11":7,"12":7,"13":7,"14":7,"15":7},"b":{"0":[1,2],"1":[1,10],"2":[5,5],"3":[1,14],"4":[1,6],"5":[3,3],"6":[1,6],"7":[3,3]}}
,"/usr/src/app/src/services/loanCalculation.ts": {"path":"/usr/src/app/src/services/loanCalculation.ts","statementMap":{"0":{"start":{"line":1,"column":0},"end":{"line":1,"column":36}},"1":{"start":{"line":4,"column":7},"end":{"line":10,"column":null}},"2":{"start":{"line":6,"column":36},"end":{"line":6,"column":59}},"3":{"start":{"line":7,"column":33},"end":{"line":7,"column":46}},"4":{"start":{"line":8,"column":8},"end":{"line":8,"column":111}},"5":{"start":{"line":4,"column":13},"end":{"line":10,"column":null}},"6":{"start":{"line":4,"column":13},"end":{"line":4,"column":35}}},"fnMap":{"0":{"name":"(anonymous_1)","decl":{"start":{"line":5,"column":11},"end":{"line":5,"column":34}},"loc":{"start":{"line":5,"column":93},"end":{"line":9,"column":5}}}},"branchMap":{},"s":{"0":2,"1":2,"2":14,"3":14,"4":14,"5":2,"6":2},"f":{"0":14},"b":{}}
,"/usr/src/app/src/services/loanService.ts": {"path":"/usr/src/app/src/services/loanService.ts","statementMap":{"0":{"start":{"line":2,"column":0},"end":{"line":2,"column":46}},"1":{"start":{"line":3,"column":0},"end":{"line":3,"column":64}},"2":{"start":{"line":4,"column":0},"end":{"line":4,"column":59}},"3":{"start":{"line":5,"column":0},"end":{"line":5,"column":64}},"4":{"start":{"line":7,"column":0},"end":{"line":7,"column":25}},"5":{"start":{"line":18,"column":7},"end":{"line":99,"column":null}},"6":{"start":{"line":22,"column":42},"end":{"line":22,"column":58}},"7":{"start":{"line":23,"column":50},"end":{"line":23,"column":74}},"8":{"start":{"line":24,"column":49},"end":{"line":24,"column":72}},"9":{"start":{"line":26,"column":8},"end":{"line":26,"column":26}},"10":{"start":{"line":30,"column":27},"end":{"line":30,"column":49}},"11":{"start":{"line":31,"column":30},"end":{"line":31,"column":66}},"12":{"start":{"line":32,"column":8},"end":{"line":32,"column":48}},"13":{"start":{"line":36,"column":21},"end":{"line":36,"column":52}},"14":{"start":{"line":37,"column":8},"end":{"line":39,"column":null}},"15":{"start":{"line":38,"column":12},"end":{"line":38,"column":58}},"16":{"start":{"line":40,"column":8},"end":{"line":40,"column":20}},"17":{"start":{"line":44,"column":8},"end":{"line":50,"column":null}},"18":{"start":{"line":45,"column":26},"end":{"line":45,"column":60}},"19":{"start":{"line":46,"column":12},"end":{"line":46,"column":44}},"20":{"start":{"line":48,"column":24},"end":{"line":48,"column":38}},"21":{"start":{"line":49,"column":12},"end":{"line":49,"column":72}},"22":{"start":{"line":54,"column":8},"end":{"line":60,"column":null}},"23":{"start":{"line":55,"column":25},"end":{"line":55,"column":62}},"24":{"start":{"line":56,"column":12},"end":{"line":56,"column":43}},"25":{"start":{"line":58,"column":24},"end":{"line":58,"column":38}},"26":{"start":{"line":59,"column":12},"end":{"line":59,"column":99}},"27":{"start":{"line":64,"column":33},"end":{"line":64,"column":78}},"28":{"start":{"line":65,"column":8},"end":{"line":67,"column":null}},"29":{"start":{"line":66,"column":12},"end":{"line":66,"column":71}},"30":{"start":{"line":68,"column":25},"end":{"line":68,"column":52}},"31":{"start":{"line":69,"column":8},"end":{"line":69,"column":124}},"32":{"start":{"line":70,"column":28},"end":{"line":70,"column":66}},"33":{"start":{"line":71,"column":8},"end":{"line":71,"column":90}},"34":{"start":{"line":75,"column":33},"end":{"line":75,"column":78}},"35":{"start":{"line":76,"column":8},"end":{"line":78,"column":null}},"36":{"start":{"line":77,"column":12},"end":{"line":77,"column":71}},"37":{"start":{"line":79,"column":25},"end":{"line":79,"column":52}},"38":{"start":{"line":80,"column":8},"end":{"line":80,"column":124}},"39":{"start":{"line":81,"column":8},"end":{"line":87,"column":null}},"40":{"start":{"line":82,"column":12},"end":{"line":82,"column":55}},"41":{"start":{"line":83,"column":12},"end":{"line":83,"column":81}},"42":{"start":{"line":85,"column":24},"end":{"line":85,"column":38}},"43":{"start":{"line":86,"column":12},"end":{"line":86,"column":97}},"44":{"start":{"line":91,"column":8},"end":{"line":97,"column":null}},"45":{"start":{"line":92,"column":12},"end":{"line":92,"column":49}},"46":{"start":{"line":93,"column":12},"end":{"line":93,"column":75}},"47":{"start":{"line":95,"column":24},"end":{"line":95,"column":38}},"48":{"start":{"line":96,"column":12},"end":{"line":96,"column":97}},"49":{"start":{"line":18,"column":13},"end":{"line":99,"column":null}},"50":{"start":{"line":18,"column":13},"end":{"line":18,"column":24}}},"fnMap":{"0":{"name":"(anonymous_17)","decl":{"start":{"line":21,"column":4},"end":{"line":21,"column":null}},"loc":{"start":{"line":24,"column":93},"end":{"line":27,"column":5}}},"1":{"name":"(anonymous_18)","decl":{"start":{"line":29,"column":12},"end":{"line":29,"column":22}},"loc":{"start":{"line":29,"column":22},"end":{"line":33,"column":5}}},"2":{"name":"(anonymous_19)","decl":{"start":{"line":35,"column":12},"end":{"line":35,"column":23}},"loc":{"start":{"line":35,"column":36},"end":{"line":41,"column":5}}},"3":{"name":"(anonymous_20)","decl":{"start":{"line":43,"column":17},"end":{"line":43,"column":28}},"loc":{"start":{"line":43,"column":28},"end":{"line":51,"column":null}}},"4":{"name":"(anonymous_22)","decl":{"start":{"line":53,"column":17},"end":{"line":53,"column":28}},"loc":{"start":{"line":53,"column":39},"end":{"line":61,"column":null}}},"5":{"name":"(anonymous_24)","decl":{"start":{"line":63,"column":17},"end":{"line":63,"column":27}},"loc":{"start":{"line":63,"column":38},"end":{"line":72,"column":null}}},"6":{"name":"(anonymous_26)","decl":{"start":{"line":74,"column":17},"end":{"line":74,"column":27}},"loc":{"start":{"line":74,"column":50},"end":{"line":88,"column":null}}},"7":{"name":"(anonymous_28)","decl":{"start":{"line":90,"column":17},"end":{"line":90,"column":27}},"loc":{"start":{"line":90,"column":38},"end":{"line":98,"column":null}}}},"branchMap":{"0":{"loc":{"start":{"line":37,"column":8},"end":{"line":39,"column":null}},"type":"if","locations":[{"start":{"line":37,"column":8},"end":{"line":39,"column":null}}]},"1":{"loc":{"start":{"line":65,"column":8},"end":{"line":67,"column":null}},"type":"if","locations":[{"start":{"line":65,"column":8},"end":{"line":67,"column":null}}]},"2":{"loc":{"start":{"line":76,"column":8},"end":{"line":78,"column":null}},"type":"if","locations":[{"start":{"line":76,"column":8},"end":{"line":78,"column":null}}]}},"s":{"0":2,"1":2,"2":2,"3":2,"4":2,"5":2,"6":2,"7":2,"8":2,"9":2,"10":2,"11":2,"12":2,"13":14,"14":14,"15":0,"16":14,"17":2,"18":2,"19":2,"20":0,"21":0,"22":6,"23":6,"24":3,"25":3,"26":3,"27":11,"28":11,"29":1,"30":10,"31":10,"32":10,"33":10,"34":4,"35":4,"36":0,"37":4,"38":4,"39":4,"40":4,"41":2,"42":2,"43":2,"44":4,"45":4,"46":2,"47":2,"48":2,"49":2,"50":2},"f":{"0":2,"1":2,"2":14,"3":2,"4":6,"5":11,"6":4,"7":4},"b":{"0":[0],"1":[1],"2":[0]}}
,"/usr/src/app/src/services/loanValidationService.ts": {"path":"/usr/src/app/src/services/loanValidationService.ts","statementMap":{"0":{"start":{"line":2,"column":0},"end":{"line":2,"column":38}},"1":{"start":{"line":3,"column":0},"end":{"line":3,"column":66}},"2":{"start":{"line":4,"column":0},"end":{"line":4,"column":48}},"3":{"start":{"line":5,"column":0},"end":{"line":5,"column":64}},"4":{"start":{"line":6,"column":0},"end":{"line":6,"column":25}},"5":{"start":{"line":9,"column":7},"end":{"line":89,"column":null}},"6":{"start":{"line":13,"column":8},"end":{"line":13,"column":26}},"7":{"start":{"line":17,"column":27},"end":{"line":17,"column":50}},"8":{"start":{"line":18,"column":30},"end":{"line":18,"column":66}},"9":{"start":{"line":19,"column":8},"end":{"line":19,"column":48}},"10":{"start":{"line":23,"column":42},"end":{"line":23,"column":44}},"11":{"start":{"line":25,"column":8},"end":{"line":39,"column":null}},"12":{"start":{"line":27,"column":16},"end":{"line":27,"column":56}},"13":{"start":{"line":28,"column":16},"end":{"line":28,"column":22}},"14":{"start":{"line":30,"column":16},"end":{"line":30,"column":51}},"15":{"start":{"line":31,"column":16},"end":{"line":31,"column":22}},"16":{"start":{"line":33,"column":16},"end":{"line":33,"column":52}},"17":{"start":{"line":34,"column":16},"end":{"line":34,"column":22}},"18":{"start":{"line":36,"column":30},"end":{"line":36,"column":91}},"19":{"start":{"line":37,"column":16},"end":{"line":37,"column":35}},"20":{"start":{"line":38,"column":16},"end":{"line":38,"column":37}},"21":{"start":{"line":41,"column":8},"end":{"line":41,"column":99}},"22":{"start":{"line":45,"column":75},"end":{"line":45,"column":99}},"23":{"start":{"line":46,"column":8},"end":{"line":50,"column":null}},"24":{"start":{"line":47,"column":26},"end":{"line":47,"column":149}},"25":{"start":{"line":48,"column":12},"end":{"line":48,"column":31}},"26":{"start":{"line":49,"column":12},"end":{"line":49,"column":33}},"27":{"start":{"line":51,"column":8},"end":{"line":55,"column":null}},"28":{"start":{"line":52,"column":26},"end":{"line":52,"column":175}},"29":{"start":{"line":53,"column":12},"end":{"line":53,"column":31}},"30":{"start":{"line":54,"column":12},"end":{"line":54,"column":33}},"31":{"start":{"line":59,"column":75},"end":{"line":59,"column":94}},"32":{"start":{"line":60,"column":8},"end":{"line":64,"column":null}},"33":{"start":{"line":61,"column":26},"end":{"line":61,"column":139}},"34":{"start":{"line":62,"column":12},"end":{"line":62,"column":31}},"35":{"start":{"line":63,"column":12},"end":{"line":63,"column":33}},"36":{"start":{"line":65,"column":8},"end":{"line":69,"column":null}},"37":{"start":{"line":66,"column":26},"end":{"line":66,"column":165}},"38":{"start":{"line":67,"column":12},"end":{"line":67,"column":31}},"39":{"start":{"line":68,"column":12},"end":{"line":68,"column":33}},"40":{"start":{"line":73,"column":75},"end":{"line":73,"column":95}},"41":{"start":{"line":74,"column":8},"end":{"line":78,"column":null}},"42":{"start":{"line":75,"column":26},"end":{"line":75,"column":141}},"43":{"start":{"line":76,"column":12},"end":{"line":76,"column":31}},"44":{"start":{"line":77,"column":12},"end":{"line":77,"column":33}},"45":{"start":{"line":79,"column":8},"end":{"line":83,"column":null}},"46":{"start":{"line":80,"column":26},"end":{"line":80,"column":167}},"47":{"start":{"line":81,"column":12},"end":{"line":81,"column":31}},"48":{"start":{"line":82,"column":12},"end":{"line":82,"column":33}},"49":{"start":{"line":87,"column":8},"end":{"line":87,"column":82}},"50":{"start":{"line":9,"column":13},"end":{"line":89,"column":null}},"51":{"start":{"line":9,"column":13},"end":{"line":9,"column":34}}},"fnMap":{"0":{"name":"(anonymous_8)","decl":{"start":{"line":12,"column":4},"end":{"line":12,"column":null}},"loc":{"start":{"line":12,"column":4},"end":{"line":14,"column":5}}},"1":{"name":"(anonymous_9)","decl":{"start":{"line":16,"column":12},"end":{"line":16,"column":22}},"loc":{"start":{"line":16,"column":22},"end":{"line":20,"column":5}}},"2":{"name":"(anonymous_10)","decl":{"start":{"line":22,"column":4},"end":{"line":22,"column":16}},"loc":{"start":{"line":22,"column":27},"end":{"line":42,"column":5}}},"3":{"name":"(anonymous_11)","decl":{"start":{"line":44,"column":12},"end":{"line":44,"column":32}},"loc":{"start":{"line":44,"column":70},"end":{"line":56,"column":5}}},"4":{"name":"(anonymous_12)","decl":{"start":{"line":58,"column":12},"end":{"line":58,"column":27}},"loc":{"start":{"line":58,"column":65},"end":{"line":70,"column":5}}},"5":{"name":"(anonymous_13)","decl":{"start":{"line":72,"column":12},"end":{"line":72,"column":28}},"loc":{"start":{"line":72,"column":66},"end":{"line":84,"column":5}}},"6":{"name":"(anonymous_14)","decl":{"start":{"line":86,"column":12},"end":{"line":86,"column":20}},"loc":{"start":{"line":86,"column":43},"end":{"line":88,"column":5}}}},"branchMap":{"0":{"loc":{"start":{"line":25,"column":8},"end":{"line":39,"column":null}},"type":"switch","locations":[{"start":{"line":26,"column":12},"end":{"line":28,"column":22}},{"start":{"line":29,"column":12},"end":{"line":31,"column":22}},{"start":{"line":32,"column":12},"end":{"line":34,"column":22}},{"start":{"line":35,"column":12},"end":{"line":38,"column":37}}]},"1":{"loc":{"start":{"line":41,"column":15},"end":{"line":41,"column":98}},"type":"cond-expr","locations":[{"start":{"line":41,"column":37},"end":{"line":41,"column":63}},{"start":{"line":41,"column":66},"end":{"line":41,"column":98}}]},"2":{"loc":{"start":{"line":46,"column":8},"end":{"line":50,"column":null}},"type":"if","locations":[{"start":{"line":46,"column":8},"end":{"line":50,"column":null}}]},"3":{"loc":{"start":{"line":46,"column":12},"end":{"line":46,"column":62}},"type":"binary-expr","locations":[{"start":{"line":46,"column":12},"end":{"line":46,"column":35}},{"start":{"line":46,"column":39},"end":{"line":46,"column":62}}]},"4":{"loc":{"start":{"line":51,"column":8},"end":{"line":55,"column":null}},"type":"if","locations":[{"start":{"line":51,"column":8},"end":{"line":55,"column":null}}]},"5":{"loc":{"start":{"line":51,"column":12},"end":{"line":51,"column":86}},"type":"binary-expr","locations":[{"start":{"line":51,"column":12},"end":{"line":51,"column":47}},{"start":{"line":51,"column":51},"end":{"line":51,"column":86}}]},"6":{"loc":{"start":{"line":60,"column":8},"end":{"line":64,"column":null}},"type":"if","locations":[{"start":{"line":60,"column":8},"end":{"line":64,"column":null}}]},"7":{"loc":{"start":{"line":60,"column":12},"end":{"line":60,"column":62}},"type":"binary-expr","locations":[{"start":{"line":60,"column":12},"end":{"line":60,"column":35}},{"start":{"line":60,"column":39},"end":{"line":60,"column":62}}]},"8":{"loc":{"start":{"line":65,"column":8},"end":{"line":69,"column":null}},"type":"if","locations":[{"start":{"line":65,"column":8},"end":{"line":69,"column":null}}]},"9":{"loc":{"start":{"line":65,"column":12},"end":{"line":65,"column":86}},"type":"binary-expr","locations":[{"start":{"line":65,"column":12},"end":{"line":65,"column":47}},{"start":{"line":65,"column":51},"end":{"line":65,"column":86}}]},"10":{"loc":{"start":{"line":74,"column":8},"end":{"line":78,"column":null}},"type":"if","locations":[{"start":{"line":74,"column":8},"end":{"line":78,"column":null}}]},"11":{"loc":{"start":{"line":74,"column":12},"end":{"line":74,"column":62}},"type":"binary-expr","locations":[{"start":{"line":74,"column":12},"end":{"line":74,"column":35}},{"start":{"line":74,"column":39},"end":{"line":74,"column":62}}]},"12":{"loc":{"start":{"line":79,"column":8},"end":{"line":83,"column":null}},"type":"if","locations":[{"start":{"line":79,"column":8},"end":{"line":83,"column":null}}]},"13":{"loc":{"start":{"line":79,"column":12},"end":{"line":79,"column":86}},"type":"binary-expr","locations":[{"start":{"line":79,"column":12},"end":{"line":79,"column":47}},{"start":{"line":79,"column":51},"end":{"line":79,"column":86}}]}},"s":{"0":3,"1":3,"2":3,"3":3,"4":3,"5":3,"6":3,"7":3,"8":3,"9":3,"10":25,"11":25,"12":18,"13":18,"14":3,"15":3,"16":3,"17":3,"18":1,"19":1,"20":1,"21":25,"22":18,"23":18,"24":2,"25":2,"26":2,"27":18,"28":2,"29":2,"30":2,"31":3,"32":3,"33":1,"34":1,"35":1,"36":3,"37":1,"38":1,"39":1,"40":3,"41":3,"42":1,"43":1,"44":1,"45":3,"46":1,"47":1,"48":1,"49":9,"50":3,"51":3},"f":{"0":3,"1":3,"2":25,"3":18,"4":3,"5":3,"6":9},"b":{"0":[18,3,3,1],"1":[17,8],"2":[2],"3":[18,16],"4":[2],"5":[18,17],"6":[1],"7":[3,2],"8":[1],"9":[3,3],"10":[1],"11":[3,2],"12":[1],"13":[3,3]}}
,"/usr/src/app/src/validation/transformValidationErrors.ts": {"path":"/usr/src/app/src/validation/transformValidationErrors.ts","statementMap":{"0":{"start":{"line":4,"column":4},"end":{"line":7,"column":8}},"1":{"start":{"line":4,"column":30},"end":{"line":7,"column":6}},"2":{"start":{"line":3,"column":0},"end":{"line":3,"column":16}}},"fnMap":{"0":{"name":"transformValidationErrors","decl":{"start":{"line":3,"column":16},"end":{"line":3,"column":41}},"loc":{"start":{"line":3,"column":67},"end":{"line":8,"column":1}}},"1":{"name":"(anonymous_1)","decl":{"start":{"line":4,"column":22},"end":{"line":4,"column":25}},"loc":{"start":{"line":4,"column":30},"end":{"line":7,"column":6}}}},"branchMap":{},"s":{"0":1,"1":3,"2":1},"f":{"0":1,"1":3},"b":{}}
,"/usr/src/app/src/validation/validationError.ts": {"path":"/usr/src/app/src/validation/validationError.ts","statementMap":{"0":{"start":{"line":2,"column":23},"end":{"line":2,"column":38}},"1":{"start":{"line":2,"column":47},"end":{"line":2,"column":59}},"2":{"start":{"line":1,"column":0},"end":{"line":1,"column":13}}},"fnMap":{"0":{"name":"(anonymous_0)","decl":{"start":{"line":2,"column":4},"end":{"line":2,"column":23}},"loc":{"start":{"line":2,"column":59},"end":{"line":2,"column":63}}}},"branchMap":{},"s":{"0":9,"1":9,"2":3},"f":{"0":9},"b":{}}
,"/usr/src/app/src/validation/validationResult.ts": {"path":"/usr/src/app/src/validation/validationResult.ts","statementMap":{"0":{"start":{"line":8,"column":8},"end":{"line":8,"column":31}},"1":{"start":{"line":9,"column":8},"end":{"line":9,"column":29}},"2":{"start":{"line":13,"column":8},"end":{"line":13,"column":42}},"3":{"start":{"line":17,"column":8},"end":{"line":17,"column":51}},"4":{"start":{"line":3,"column":0},"end":{"line":3,"column":13}}},"fnMap":{"0":{"name":"(anonymous_0)","decl":{"start":{"line":7,"column":4},"end":{"line":7,"column":16}},"loc":{"start":{"line":7,"column":60},"end":{"line":10,"column":5}}},"1":{"name":"(anonymous_1)","decl":{"start":{"line":12,"column":4},"end":{"line":12,"column":10}},"loc":{"start":{"line":12,"column":18},"end":{"line":14,"column":5}}},"2":{"name":"(anonymous_2)","decl":{"start":{"line":16,"column":4},"end":{"line":16,"column":10}},"loc":{"start":{"line":16,"column":44},"end":{"line":18,"column":5}}}},"branchMap":{},"s":{"0":25,"1":25,"2":17,"3":8,"4":3},"f":{"0":25,"1":17,"2":8},"b":{}}
}
