TN:
SF:src/app.ts
FN:27,(anonymous_1)
FN:28,(anonymous_2)
FN:29,(anonymous_3)
FN:30,(anonymous_4)
FN:31,(anonymous_5)
FNF:5
FNH:5
FNDA:1,(anonymous_1)
FNDA:3,(anonymous_2)
FNDA:6,(anonymous_3)
FNDA:2,(anonymous_4)
FNDA:2,(anonymous_5)
DA:1,1
DA:2,1
DA:3,1
DA:4,1
DA:5,1
DA:6,1
DA:7,1
DA:8,1
DA:9,1
DA:10,1
DA:11,1
DA:14,1
DA:17,1
DA:18,1
DA:19,1
DA:20,1
DA:22,1
DA:23,1
DA:25,1
DA:27,1
DA:28,3
DA:29,6
DA:30,2
DA:31,2
DA:34,1
DA:36,1
LF:26
LH:26
BRF:0
BRH:0
end_of_record
TN:
SF:src/swagger.ts
FNF:0
FNH:0
DA:1,1
LF:1
LH:1
BRF:0
BRH:0
end_of_record
TN:
SF:src/controllers/loanController.ts
FN:11,(anonymous_7)
FN:15,(anonymous_8)
FN:20,(anonymous_10)
FN:30,(anonymous_12)
FN:48,(anonymous_14)
FN:67,(anonymous_16)
FNF:6
FNH:6
FNDA:1,(anonymous_7)
FNDA:1,(anonymous_8)
FNDA:3,(anonymous_10)
FNDA:6,(anonymous_12)
FNDA:2,(anonymous_14)
FNDA:2,(anonymous_16)
DA:2,1
DA:3,1
DA:4,1
DA:5,1
DA:6,1
DA:8,1
DA:12,1
DA:16,1
DA:17,1
DA:21,3
DA:23,3
DA:24,1
DA:26,2
DA:31,6
DA:32,6
DA:34,6
DA:35,1
DA:36,1
DA:39,5
DA:41,5
DA:42,5
DA:44,0
DA:49,2
DA:50,2
DA:52,2
DA:53,0
DA:54,0
DA:57,2
DA:58,2
DA:59,1
DA:60,1
DA:61,1
DA:63,0
DA:68,2
DA:69,2
DA:70,1
DA:71,1
DA:72,1
DA:74,0
LF:39
LH:34
BRDA:23,0,0,1
BRDA:23,0,1,2
BRDA:34,1,0,1
BRDA:41,2,0,5
BRDA:41,2,1,0
BRDA:52,3,0,0
BRDA:58,4,0,1
BRDA:58,4,1,1
BRDA:60,5,0,1
BRDA:60,5,1,0
BRDA:60,6,0,1
BRDA:60,6,1,1
BRDA:69,7,0,1
BRDA:69,7,1,1
BRDA:71,8,0,1
BRDA:71,8,1,0
BRDA:71,9,0,1
BRDA:71,9,1,1
BRF:18
BRH:14
end_of_record
TN:
SF:src/dto/loanDTO.ts
FNF:0
FNH:0
DA:1,1
DA:2,1
DA:4,1
DA:5,1
DA:8,1
DA:13,1
DA:17,1
DA:22,1
LF:8
LH:8
BRF:0
BRH:0
end_of_record
TN:
SF:src/entities/loanType.ts
FN:1,(anonymous_0)
FNF:1
FNH:1
FNDA:4,(anonymous_0)
DA:1,4
DA:2,4
DA:3,4
DA:4,4
LF:4
LH:4
BRDA:1,0,0,4
BRDA:1,0,1,4
BRF:2
BRH:2
end_of_record
TN:
SF:src/repositories/loanRepository.ts
FN:7,(anonymous_0)
FN:11,(anonymous_1)
FN:12,(anonymous_2)
FN:13,(anonymous_3)
FN:23,(anonymous_4)
FN:24,(anonymous_5)
FN:26,(anonymous_6)
FN:41,(anonymous_7)
FN:42,(anonymous_8)
FN:43,(anonymous_9)
FN:53,(anonymous_10)
FN:54,(anonymous_11)
FN:55,(anonymous_12)
FN:67,(anonymous_13)
FN:68,(anonymous_14)
FN:69,(anonymous_15)
FNF:16
FNH:16
FNDA:4,(anonymous_0)
FNDA:3,(anonymous_1)
FNDA:3,(anonymous_2)
FNDA:3,(anonymous_3)
FNDA:11,(anonymous_4)
FNDA:11,(anonymous_5)
FNDA:11,(anonymous_6)
FNDA:15,(anonymous_7)
FNDA:15,(anonymous_8)
FNDA:15,(anonymous_9)
FNDA:7,(anonymous_10)
FNDA:7,(anonymous_11)
FNDA:7,(anonymous_12)
FNDA:7,(anonymous_13)
FNDA:7,(anonymous_14)
FNDA:7,(anonymous_15)
DA:4,3
DA:8,4
DA:12,3
DA:13,3
DA:14,3
DA:15,1
DA:17,2
DA:24,11
DA:25,11
DA:26,11
DA:27,11
DA:28,1
DA:29,1
DA:30,10
DA:31,5
DA:32,5
DA:34,5
DA:35,5
DA:42,15
DA:43,15
DA:44,15
DA:45,1
DA:47,14
DA:54,7
DA:55,7
DA:56,7
DA:57,1
DA:58,6
DA:59,3
DA:61,3
DA:68,7
DA:69,7
DA:70,7
DA:71,1
DA:72,6
DA:73,3
DA:75,3
LF:37
LH:37
BRDA:14,0,0,1
BRDA:14,0,1,2
BRDA:27,1,0,1
BRDA:27,1,1,10
BRDA:30,2,0,5
BRDA:30,2,1,5
BRDA:44,3,0,1
BRDA:44,3,1,14
BRDA:56,4,0,1
BRDA:56,4,1,6
BRDA:58,5,0,3
BRDA:58,5,1,3
BRDA:70,6,0,1
BRDA:70,6,1,6
BRDA:72,7,0,3
BRDA:72,7,1,3
BRF:16
BRH:16
end_of_record
TN:
SF:src/services/loanCalculation.ts
FN:5,(anonymous_1)
FNF:1
FNH:1
FNDA:14,(anonymous_1)
DA:1,2
DA:4,2
DA:6,14
DA:7,14
DA:8,14
LF:5
LH:5
BRF:0
BRH:0
end_of_record
TN:
SF:src/services/loanService.ts
FN:21,(anonymous_17)
FN:29,(anonymous_18)
FN:35,(anonymous_19)
FN:43,(anonymous_20)
FN:53,(anonymous_22)
FN:63,(anonymous_24)
FN:74,(anonymous_26)
FN:90,(anonymous_28)
FNF:8
FNH:8
FNDA:2,(anonymous_17)
FNDA:2,(anonymous_18)
FNDA:14,(anonymous_19)
FNDA:2,(anonymous_20)
FNDA:6,(anonymous_22)
FNDA:11,(anonymous_24)
FNDA:4,(anonymous_26)
FNDA:4,(anonymous_28)
DA:2,2
DA:3,2
DA:4,2
DA:5,2
DA:7,2
DA:18,2
DA:22,2
DA:23,2
DA:24,2
DA:26,2
DA:30,2
DA:31,2
DA:32,2
DA:36,14
DA:37,14
DA:38,0
DA:40,14
DA:44,2
DA:45,2
DA:46,2
DA:48,0
DA:49,0
DA:54,6
DA:55,6
DA:56,3
DA:58,3
DA:59,3
DA:64,11
DA:65,11
DA:66,1
DA:68,10
DA:69,10
DA:70,10
DA:71,10
DA:75,4
DA:76,4
DA:77,0
DA:79,4
DA:80,4
DA:81,4
DA:82,4
DA:83,2
DA:85,2
DA:86,2
DA:91,4
DA:92,4
DA:93,2
DA:95,2
DA:96,2
LF:49
LH:45
BRDA:37,0,0,0
BRDA:65,1,0,1
BRDA:76,2,0,0
BRF:3
BRH:1
end_of_record
TN:
SF:src/services/loanValidationService.ts
FN:12,(anonymous_8)
FN:16,(anonymous_9)
FN:22,(anonymous_10)
FN:44,(anonymous_11)
FN:58,(anonymous_12)
FN:72,(anonymous_13)
FN:86,(anonymous_14)
FNF:7
FNH:7
FNDA:3,(anonymous_8)
FNDA:3,(anonymous_9)
FNDA:25,(anonymous_10)
FNDA:18,(anonymous_11)
FNDA:3,(anonymous_12)
FNDA:3,(anonymous_13)
FNDA:9,(anonymous_14)
DA:2,3
DA:3,3
DA:4,3
DA:5,3
DA:6,3
DA:9,3
DA:13,3
DA:17,3
DA:18,3
DA:19,3
DA:23,25
DA:25,25
DA:27,18
DA:28,18
DA:30,3
DA:31,3
DA:33,3
DA:34,3
DA:36,1
DA:37,1
DA:38,1
DA:41,25
DA:45,18
DA:46,18
DA:47,2
DA:48,2
DA:49,2
DA:51,18
DA:52,2
DA:53,2
DA:54,2
DA:59,3
DA:60,3
DA:61,1
DA:62,1
DA:63,1
DA:65,3
DA:66,1
DA:67,1
DA:68,1
DA:73,3
DA:74,3
DA:75,1
DA:76,1
DA:77,1
DA:79,3
DA:80,1
DA:81,1
DA:82,1
DA:87,9
LF:50
LH:50
BRDA:25,0,0,18
BRDA:25,0,1,3
BRDA:25,0,2,3
BRDA:25,0,3,1
BRDA:41,1,0,17
BRDA:41,1,1,8
BRDA:46,2,0,2
BRDA:46,3,0,18
BRDA:46,3,1,16
BRDA:51,4,0,2
BRDA:51,5,0,18
BRDA:51,5,1,17
BRDA:60,6,0,1
BRDA:60,7,0,3
BRDA:60,7,1,2
BRDA:65,8,0,1
BRDA:65,9,0,3
BRDA:65,9,1,3
BRDA:74,10,0,1
BRDA:74,11,0,3
BRDA:74,11,1,2
BRDA:79,12,0,1
BRDA:79,13,0,3
BRDA:79,13,1,3
BRF:24
BRH:24
end_of_record
TN:
SF:src/validation/transformValidationErrors.ts
FN:3,transformValidationErrors
FN:4,(anonymous_1)
FNF:2
FNH:2
FNDA:1,transformValidationErrors
FNDA:3,(anonymous_1)
DA:3,1
DA:4,3
LF:2
LH:2
BRF:0
BRH:0
end_of_record
TN:
SF:src/validation/validationError.ts
FN:2,(anonymous_0)
FNF:1
FNH:1
FNDA:9,(anonymous_0)
DA:1,3
DA:2,9
LF:2
LH:2
BRF:0
BRH:0
end_of_record
TN:
SF:src/validation/validationResult.ts
FN:7,(anonymous_0)
FN:12,(anonymous_1)
FN:16,(anonymous_2)
FNF:3
FNH:3
FNDA:25,(anonymous_0)
FNDA:17,(anonymous_1)
FNDA:8,(anonymous_2)
DA:3,3
DA:8,25
DA:9,25
DA:13,17
DA:17,8
LF:5
LH:5
BRF:0
BRH:0
end_of_record
